
  .   ____          _            __ _ _
 /\\ / ___'_ __ _ _(_)_ __  __ _ \ \ \ \
( ( )\___ | '_ | '_| | '_ \/ _` | \ \ \ \
 \\/  ___)| |_)| | | | | || (_| |  ) ) ) )
  '  |____| .__|_| |_|_| |_\__, | / / / /
 =========|_|==============|___/=/_/_/_/

 :: Spring Boot ::                (v3.3.2)

2025-04-13T07:40:25.932Z  INFO 10918 --- [hello] [           main] c.v.health.HealthApplication             : Starting HealthApplication v0.0.1-SNAPSHOT using Java 17 with PID 10918 (/home/devbox/project/target/health-video-0.0.1-SNAPSHOT.jar started by devbox in /home/devbox/project)
2025-04-13T07:40:25.935Z DEBUG 10918 --- [hello] [           main] c.v.health.HealthApplication             : Running with Spring Boot v3.3.2, Spring v6.1.11
2025-04-13T07:40:25.937Z  INFO 10918 --- [hello] [           main] c.v.health.HealthApplication             : No active profile set, falling back to 1 default profile: "default"
2025-04-13T07:40:28.816Z  INFO 10918 --- [hello] [           main] o.s.b.w.embedded.tomcat.TomcatWebServer  : Tomcat initialized with port 8080 (http)
2025-04-13T07:40:28.828Z  INFO 10918 --- [hello] [           main] o.apache.catalina.core.StandardService   : Starting service [Tomcat]
2025-04-13T07:40:28.829Z  INFO 10918 --- [hello] [           main] o.apache.catalina.core.StandardEngine    : Starting Servlet engine: [Apache Tomcat/10.1.26]
2025-04-13T07:40:29.047Z  INFO 10918 --- [hello] [           main] o.a.c.c.C.[Tomcat].[localhost].[/api]    : Initializing Spring embedded WebApplicationContext
2025-04-13T07:40:29.048Z  INFO 10918 --- [hello] [           main] w.s.c.ServletWebServerApplicationContext : Root WebApplicationContext: initialization completed in 2993 ms
Logging initialized using 'class org.apache.ibatis.logging.stdout.StdOutImpl' adapter.


,------.                           ,--.  ,--.         ,--.                         
|  .--. '  ,--,--.  ,---.   ,---.  |  '--'  |  ,---.  |  |  ,---.   ,---.  ,--.--. 
|  '--' | ' ,-.  | | .-. | | .-. : |  .--.  | | .-. : |  | | .-. | | .-. : |  .--' 
|  | --'  \ '-'  | ' '-' ' \   --. |  |  |  | \   --. |  | | '-' ' \   --. |  |    
`--'       `--`--' .`-  /   `----' `--'  `--'  `----' `--' |  |-'   `----' `--'    
                   `---'                                   `--'                        is intercepting.

2025-04-13T07:40:31.856Z  INFO 10918 --- [hello] [           main] o.s.b.w.embedded.tomcat.TomcatWebServer  : Tomcat started on port 8080 (http) with context path '/api'
2025-04-13T07:40:31.923Z  INFO 10918 --- [hello] [           main] c.v.health.HealthApplication             : Started HealthApplication in 7.288 seconds (process running for 8.382)
2025-04-13T08:05:37.507Z  INFO 10918 --- [hello] [io-8080-exec-10] o.apache.coyote.http11.Http11Processor   : Error parsing HTTP request header
 Note: further occurrences of HTTP request parsing errors will be logged at DEBUG level.

java.lang.IllegalArgumentException: Invalid character found in the request target [/api/distributors?params[page]=1&params[size]=10 ]. The valid characters are defined in RFC 7230 and RFC 3986
	at org.apache.coyote.http11.Http11InputBuffer.parseRequestLine(Http11InputBuffer.java:482) ~[tomcat-embed-core-10.1.26.jar!/:na]
	at org.apache.coyote.http11.Http11Processor.service(Http11Processor.java:262) ~[tomcat-embed-core-10.1.26.jar!/:na]
	at org.apache.coyote.AbstractProcessorLight.process(AbstractProcessorLight.java:63) ~[tomcat-embed-core-10.1.26.jar!/:na]
	at org.apache.coyote.AbstractProtocol$ConnectionHandler.process(AbstractProtocol.java:904) ~[tomcat-embed-core-10.1.26.jar!/:na]
	at org.apache.tomcat.util.net.NioEndpoint$SocketProcessor.doRun(NioEndpoint.java:1741) ~[tomcat-embed-core-10.1.26.jar!/:na]
	at org.apache.tomcat.util.net.SocketProcessorBase.run(SocketProcessorBase.java:52) ~[tomcat-embed-core-10.1.26.jar!/:na]
	at org.apache.tomcat.util.threads.ThreadPoolExecutor.runWorker(ThreadPoolExecutor.java:1190) ~[tomcat-embed-core-10.1.26.jar!/:na]
	at org.apache.tomcat.util.threads.ThreadPoolExecutor$Worker.run(ThreadPoolExecutor.java:659) ~[tomcat-embed-core-10.1.26.jar!/:na]
	at org.apache.tomcat.util.threads.TaskThread$WrappingRunnable.run(TaskThread.java:63) ~[tomcat-embed-core-10.1.26.jar!/:na]
	at java.base/java.lang.Thread.run(Thread.java:833) ~[na:na]

2025-04-13T08:07:13.657Z  INFO 10918 --- [hello] [nio-8080-exec-1] o.a.c.c.C.[Tomcat].[localhost].[/api]    : Initializing Spring DispatcherServlet 'dispatcherServlet'
2025-04-13T08:07:13.657Z  INFO 10918 --- [hello] [nio-8080-exec-1] o.s.web.servlet.DispatcherServlet        : Initializing Servlet 'dispatcherServlet'
2025-04-13T08:07:13.658Z  INFO 10918 --- [hello] [nio-8080-exec-1] o.s.web.servlet.DispatcherServlet        : Completed initialization in 1 ms
2025-04-13T08:07:13.780Z ERROR 10918 --- [hello] [nio-8080-exec-2] c.v.h.common.GlobalExceptionHandler      : ????: No static resource auth/login.
